#
# There is insufficient memory for the Java Runtime Environment to continue.
# Native memory allocation (malloc) failed to allocate 32744 bytes for ChunkPool::allocate
# Possible reasons:
#   The system is out of physical RAM or swap space
#   The process is running with CompressedOops enabled, and the Java Heap may be blocking the growth of the native heap
# Possible solutions:
#   Reduce memory load on the system
#   Increase physical memory or swap space
#   Check if swap backing store is full
#   Decrease Java heap size (-Xmx/-Xms)
#   Decrease number of Java threads
#   Decrease Java thread stack sizes (-Xss)
#   Set larger code cache with -XX:ReservedCodeCacheSize=
#   JVM is running with Zero Based Compressed Oops mode in which the Java heap is
#     placed in the first 32GB address space. The Java Heap base address is the
#     maximum limit for the native heap growth. Please use -XX:HeapBaseMinAddress
#     to set the Java Heap base and to place the Java Heap above 32GB virtual address.
# This output file may be truncated or incomplete.
#
#  Out of Memory Error (arena.cpp:81), pid=30824, tid=36524
#
# JRE version: OpenJDK Runtime Environment Corretto-11.0.19.7.1 (11.0.19+7) (build 11.0.19+7-LTS)
# Java VM: OpenJDK 64-Bit Server VM Corretto-11.0.19.7.1 (11.0.19+7-LTS, mixed mode, tiered, compressed oops, g1 gc, windows-amd64)
# No core dump will be written. Minidumps are not enabled by default on client versions of Windows
#

---------------  S U M M A R Y ------------

Command Line: -javaagent:C:\Program Files\JetBrains\IntelliJ IDEA Community Edition 2024.3.5\lib\idea_rt.jar=59304 -Dfile.encoding=UTF-8 com.ead.course.CourseApplication

Host: 12th Gen Intel(R) Core(TM) i5-12500H, 16 cores, 15G,  Windows 11 , 64 bit Build 26100 (10.0.26100.3775)
Time: Fri Apr 25 23:06:40 2025 Hora oficial do Brasil elapsed time: 38.004941 seconds (0d 0h 0m 38s)

---------------  T H R E A D  ---------------

Current thread (0x00000248f2a12800):  JavaThread "C1 CompilerThread0" daemon [_thread_in_native, id=36524, stack(0x000000d313100000,0x000000d313200000)]


Current CompileTask:
C1:  38004 7732       3      
[error occurred during error reporting (printing current compile task), id 0xe0000001, Out of Memory Error (s\src\hotspot\share\memory\arena.cpp:81)]

Stack: [0x000000d313100000,0x000000d313200000]
Native frames: (J=compiled Java code, j=interpreted, Vv=VM code, C=native code)
V  [jvm.dll+0x6235aa]
V  [jvm.dll+0x7b0f89]
V  [jvm.dll+0x7b2678]
V  [jvm.dll+0x7b2d53]
V  [jvm.dll+0x24fe38]
V  [jvm.dll+0xc28ab]
V  [jvm.dll+0xc2c0c]
V  [jvm.dll+0x73e0ab]
V  [jvm.dll+0x73e219]
V  [jvm.dll+0x4f5eb2]
V  [jvm.dll+0x5d7a19]
V  [jvm.dll+0x21bfdf]
V  [jvm.dll+0x21c557]
V  [jvm.dll+0x7b0e27]
V  [jvm.dll+0x7b2678]
V  [jvm.dll+0x7b2d53]
V  [jvm.dll+0x24fe38]
V  [jvm.dll+0xc28ab]
V  [jvm.dll+0xc2c0c]
V  [jvm.dll+0x1890d0]
V  [jvm.dll+0x134b0d]
V  [jvm.dll+0x136d99]
V  [jvm.dll+0x135264]
V  [jvm.dll+0x12ef2b]
V  [jvm.dll+0x13eeea]
V  [jvm.dll+0x12a229]
V  [jvm.dll+0x12a590]
V  [jvm.dll+0x12a84f]
V  [jvm.dll+0x129af4]
V  [jvm.dll+0x12ba07]
V  [jvm.dll+0x217ab4]
V  [jvm.dll+0x215cfb]
V  [jvm.dll+0x773a90]
V  [jvm.dll+0x76c9c4]
V  [jvm.dll+0x622415]
C  [ucrtbase.dll+0x37b0]
C  [KERNEL32.DLL+0x2e8d7]
C  [ntdll.dll+0xb14fc]


---------------  P R O C E S S  ---------------

Threads class SMR info:
_java_thread_list=0x00000248fae3b820, length=22, elements={
0x00000248cda56800, 0x00000248f29ac000, 0x00000248f29af800, 0x00000248f29a9800,
0x00000248f29fc800, 0x00000248f29fe000, 0x00000248f29ff000, 0x00000248f2a12800,
0x00000248f2a37800, 0x00000248f2cda000, 0x00000248f3530800, 0x00000248fb145800,
0x00000248f796b000, 0x00000248f3bb9000, 0x00000248f4c6f000, 0x00000248f4f2d000,
0x00000248f4b80800, 0x00000248f4b7e000, 0x00000248f4b81800, 0x00000248f4b7f000,
0x00000248f4b83000, 0x00000248f4b84000
}

Java Threads: ( => current thread )
  0x00000248cda56800 JavaThread "main" [_thread_in_vm, id=19860, stack(0x000000d312400000,0x000000d312500000)]
  0x00000248f29ac000 JavaThread "Reference Handler" daemon [_thread_blocked, id=29716, stack(0x000000d312b00000,0x000000d312c00000)]
  0x00000248f29af800 JavaThread "Finalizer" daemon [_thread_blocked, id=28276, stack(0x000000d312c00000,0x000000d312d00000)]
  0x00000248f29a9800 JavaThread "Signal Dispatcher" daemon [_thread_blocked, id=16380, stack(0x000000d312d00000,0x000000d312e00000)]
  0x00000248f29fc800 JavaThread "Attach Listener" daemon [_thread_blocked, id=31376, stack(0x000000d312e00000,0x000000d312f00000)]
  0x00000248f29fe000 JavaThread "Service Thread" daemon [_thread_blocked, id=19812, stack(0x000000d312f00000,0x000000d313000000)]
  0x00000248f29ff000 JavaThread "C2 CompilerThread0" daemon [_thread_blocked, id=15064, stack(0x000000d313000000,0x000000d313100000)]
=>0x00000248f2a12800 JavaThread "C1 CompilerThread0" daemon [_thread_in_native, id=36524, stack(0x000000d313100000,0x000000d313200000)]
  0x00000248f2a37800 JavaThread "Sweeper thread" daemon [_thread_blocked, id=6660, stack(0x000000d313200000,0x000000d313300000)]
  0x00000248f2cda000 JavaThread "Common-Cleaner" daemon [_thread_blocked, id=32116, stack(0x000000d313300000,0x000000d313400000)]
  0x00000248f3530800 JavaThread "Monitor Ctrl-Break" daemon [_thread_in_native, id=26868, stack(0x000000d313a00000,0x000000d313b00000)]
  0x00000248fb145800 JavaThread "Catalina-utility-1" [_thread_blocked, id=36188, stack(0x000000d314200000,0x000000d314300000)]
  0x00000248f796b000 JavaThread "Catalina-utility-2" [_thread_blocked, id=32536, stack(0x000000d314300000,0x000000d314400000)]
  0x00000248f3bb9000 JavaThread "container-0" [_thread_blocked, id=2644, stack(0x000000d314400000,0x000000d314500000)]
  0x00000248f4c6f000 JavaThread "HikariPool-1 housekeeper" daemon [_thread_blocked, id=4580, stack(0x000000d314500000,0x000000d314600000)]
  0x00000248f4f2d000 JavaThread "spring.cloud.inetutils" daemon [_thread_blocked, id=12968, stack(0x000000d314b00000,0x000000d314c00000)]
  0x00000248f4b80800 JavaThread "AsyncResolver-bootstrap-0" daemon [_thread_blocked, id=18504, stack(0x000000d313700000,0x000000d313800000)]
  0x00000248f4b7e000 JavaThread "DiscoveryClient-0" daemon [_thread_blocked, id=5924, stack(0x000000d313500000,0x000000d313600000)]
  0x00000248f4b81800 JavaThread "DiscoveryClient-1" daemon [_thread_blocked, id=36780, stack(0x000000d313600000,0x000000d313700000)]
  0x00000248f4b7f000 JavaThread "DiscoveryClient-InstanceInfoReplicator-0" daemon [_thread_blocked, id=30780, stack(0x000000d313800000,0x000000d313900000)]
  0x00000248f4b83000 JavaThread "http-nio-8082-Poller" daemon [_thread_in_native, id=37652, stack(0x000000d314a00000,0x000000d314b00000)]
  0x00000248f4b84000 JavaThread "http-nio-8082-Acceptor" daemon [_thread_in_native, id=36908, stack(0x000000d314c00000,0x000000d314d00000)]

Other Threads:
  0x00000248f20d9000 VMThread "VM Thread" [stack: 0x000000d312a00000,0x000000d312b00000] [id=30328]
  0x00000248f36b1000 WatcherThread [stack: 0x000000d313b00000,0x000000d313c00000] [id=35264]
  0x00000248cda6f800 GCTaskThread "GC Thread#0" [stack: 0x000000d312500000,0x000000d312600000] [id=37780]
  0x00000248f38d4800 GCTaskThread "GC Thread#1" [stack: 0x000000d313c00000,0x000000d313d00000] [id=35776]
  0x00000248f4940800 GCTaskThread "GC Thread#2" [stack: 0x000000d313d00000,0x000000d313e00000] [id=14864]
  0x00000248f3996000 GCTaskThread "GC Thread#3" [stack: 0x000000d313e00000,0x000000d313f00000] [id=4528]
  0x00000248f3f64800 GCTaskThread "GC Thread#4" [stack: 0x000000d313f00000,0x000000d314000000] [id=30064]
  0x00000248f3985800 GCTaskThread "GC Thread#5" [stack: 0x000000d314000000,0x000000d314100000] [id=37200]
  0x00000248f775d800 GCTaskThread "GC Thread#6" [stack: 0x000000d314600000,0x000000d314700000] [id=32796]
  0x00000248f7075800 GCTaskThread "GC Thread#7" [stack: 0x000000d314700000,0x000000d314800000] [id=33688]
  0x00000248cdacd800 ConcurrentGCThread "G1 Main Marker" [stack: 0x000000d312600000,0x000000d312700000] [id=24144]
  0x00000248cb98b800 ConcurrentGCThread "G1 Conc#0" [stack: 0x000000d312700000,0x000000d312800000] [id=1452]
  0x00000248f3c04000 ConcurrentGCThread "G1 Conc#1" [stack: 0x000000d313900000,0x000000d313a00000] [id=18776]
  0x00000248f3831800 ConcurrentGCThread "G1 Conc#2" [stack: 0x000000d314100000,0x000000d314200000] [id=2064]
  0x00000248cdacf800 ConcurrentGCThread "G1 Refine#0" [stack: 0x000000d312800000,0x000000d312900000] [id=29828]
  0x00000248f1fe0000 ConcurrentGCThread "G1 Young RemSet Sampling" [stack: 0x000000d312900000,0x000000d312a00000] [id=14672]

Threads with active compile tasks:
C1 CompilerThread0    38035 7732       3       java.text.SimpleDateFormat::subFormat (1260 bytes)

VM state:not at safepoint (normal execution)

VM Mutex/Monitor currently owned by a thread: None

OutOfMemory and StackOverflow Exception counts:
OutOfMemoryError java_heap_errors=1
LinkageErrors=100

Heap address: 0x0000000704e00000, size: 4018 MB, Compressed Oops mode: Zero based, Oop shift amount: 3
Narrow klass base: 0x0000000800000000, Narrow klass shift: 0
Compressed class space size: 1073741824 Address: 0x0000000800000000

Heap:
 garbage-first heap   total 258048K, used 101004K [0x0000000704e00000, 0x0000000800000000)
  region size 1024K, 84 young (86016K), 18 survivors (18432K)
 Metaspace       used 81559K, capacity 83783K, committed 83968K, reserved 1122304K
  class space    used 10565K, capacity 11471K, committed 11520K, reserved 1048576K
Heap Regions: E=young(eden), S=young(survivor), O=old, HS=humongous(starts), HC=humongous(continues), CS=collection set, F=free, A=archive, TAMS=top-at-mark-start (previous, next)
|   0|0x0000000704e00000, 0x0000000704f00000, 0x0000000704f00000|100%|HS|  |TAMS 0x0000000704f00000, 0x0000000704e00000| Complete 
|   1|0x0000000704f00000, 0x0000000705000000, 0x0000000705000000|100%| O|  |TAMS 0x0000000705000000, 0x0000000704f00000| Untracked 
|   2|0x0000000705000000, 0x0000000705100000, 0x0000000705100000|100%| O|  |TAMS 0x0000000705100000, 0x0000000705000000| Untracked 
|   3|0x0000000705100000, 0x0000000705200000, 0x0000000705200000|100%| O|  |TAMS 0x0000000705200000, 0x0000000705100000| Untracked 
|   4|0x0000000705200000, 0x0000000705300000, 0x0000000705300000|100%| O|  |TAMS 0x0000000705300000, 0x0000000705200000| Untracked 
|   5|0x0000000705300000, 0x0000000705400000, 0x0000000705400000|100%| O|  |TAMS 0x0000000705400000, 0x0000000705300000| Untracked 
|   6|0x0000000705400000, 0x0000000705500000, 0x0000000705500000|100%| O|  |TAMS 0x0000000705500000, 0x0000000705400000| Untracked 
|   7|0x0000000705500000, 0x0000000705600000, 0x0000000705600000|100%| O|  |TAMS 0x0000000705600000, 0x0000000705500000| Untracked 
|   8|0x0000000705600000, 0x0000000705700000, 0x0000000705700000|100%| O|  |TAMS 0x0000000705700000, 0x0000000705600000| Untracked 
|   9|0x0000000705700000, 0x0000000705800000, 0x0000000705800000|100%| O|  |TAMS 0x0000000705800000, 0x0000000705700000| Untracked 
|  10|0x0000000705800000, 0x0000000705900000, 0x0000000705900000|100%| O|  |TAMS 0x0000000705900000, 0x0000000705800000| Untracked 
|  11|0x0000000705900000, 0x0000000705a00000, 0x0000000705a00000|100%| O|  |TAMS 0x0000000705a00000, 0x0000000705900000| Untracked 
|  12|0x0000000705a00000, 0x0000000705b00000, 0x0000000705b00000|100%| O|  |TAMS 0x0000000705b00000, 0x0000000705a00000| Untracked 
|  13|0x0000000705b00000, 0x0000000705c00000, 0x0000000705c00000|100%| O|  |TAMS 0x0000000705b59400, 0x0000000705b00000| Untracked 
|  14|0x0000000705c00000, 0x0000000705d00000, 0x0000000705d00000|100%| O|  |TAMS 0x0000000705c00000, 0x0000000705c00000| Untracked 
|  15|0x0000000705d00000, 0x0000000705da3000, 0x0000000705e00000| 63%| O|  |TAMS 0x0000000705d00000, 0x0000000705d00000| Untracked 
|  16|0x0000000705e00000, 0x0000000705e00000, 0x0000000705f00000|  0%| F|  |TAMS 0x0000000705e00000, 0x0000000705e00000| Untracked 
|  17|0x0000000705f00000, 0x0000000705f00000, 0x0000000706000000|  0%| F|  |TAMS 0x0000000705f00000, 0x0000000705f00000| Untracked 
|  18|0x0000000706000000, 0x0000000706000000, 0x0000000706100000|  0%| F|  |TAMS 0x0000000706000000, 0x0000000706000000| Untracked 
|  19|0x0000000706100000, 0x0000000706100000, 0x0000000706200000|  0%| F|  |TAMS 0x0000000706100000, 0x0000000706100000| Untracked 
|  20|0x0000000706200000, 0x0000000706200000, 0x0000000706300000|  0%| F|  |TAMS 0x0000000706200000, 0x0000000706200000| Untracked 
|  21|0x0000000706300000, 0x0000000706300000, 0x0000000706400000|  0%| F|  |TAMS 0x0000000706300000, 0x0000000706300000| Untracked 
|  22|0x0000000706400000, 0x0000000706400000, 0x0000000706500000|  0%| F|  |TAMS 0x0000000706400000, 0x0000000706400000| Untracked 
|  23|0x0000000706500000, 0x0000000706500000, 0x0000000706600000|  0%| F|  |TAMS 0x0000000706500000, 0x0000000706500000| Untracked 
|  24|0x0000000706600000, 0x0000000706600000, 0x0000000706700000|  0%| F|  |TAMS 0x0000000706600000, 0x0000000706600000| Untracked 
|  25|0x0000000706700000, 0x0000000706700000, 0x0000000706800000|  0%| F|  |TAMS 0x0000000706700000, 0x0000000706700000| Untracked 
|  26|0x0000000706800000, 0x0000000706800000, 0x0000000706900000|  0%| F|  |TAMS 0x0000000706800000, 0x0000000706800000| Untracked 
|  27|0x0000000706900000, 0x0000000706900000, 0x0000000706a00000|  0%| F|  |TAMS 0x0000000706900000, 0x0000000706900000| Untracked 
|  28|0x0000000706a00000, 0x0000000706a00000, 0x0000000706b00000|  0%| F|  |TAMS 0x0000000706a00000, 0x0000000706a00000| Untracked 
|  29|0x0000000706b00000, 0x0000000706b00000, 0x0000000706c00000|  0%| F|  |TAMS 0x0000000706b00000, 0x0000000706b00000| Untracked 
|  30|0x0000000706c00000, 0x0000000706c00000, 0x0000000706d00000|  0%| F|  |TAMS 0x0000000706c00000, 0x0000000706c00000| Untracked 
|  31|0x0000000706d00000, 0x0000000706d00000, 0x0000000706e00000|  0%| F|  |TAMS 0x0000000706d00000, 0x0000000706d00000| Untracked 
|  32|0x0000000706e00000, 0x0000000706e00000, 0x0000000706f00000|  0%| F|  |TAMS 0x0000000706e00000, 0x0000000706e00000| Untracked 
|  33|0x0000000706f00000, 0x0000000706f00000, 0x0000000707000000|  0%| F|  |TAMS 0x0000000706f00000, 0x0000000706f00000| Untracked 
|  34|0x0000000707000000, 0x0000000707000000, 0x0000000707100000|  0%| F|  |TAMS 0x0000000707000000, 0x0000000707000000| Untracked 
|  35|0x0000000707100000, 0x0000000707100000, 0x0000000707200000|  0%| F|  |TAMS 0x0000000707100000, 0x0000000707100000| Untracked 
|  36|0x0000000707200000, 0x0000000707200000, 0x0000000707300000|  0%| F|  |TAMS 0x0000000707200000, 0x0000000707200000| Untracked 
|  37|0x0000000707300000, 0x0000000707300000, 0x0000000707400000|  0%| F|  |TAMS 0x0000000707300000, 0x0000000707300000| Untracked 
|  38|0x0000000707400000, 0x0000000707400000, 0x0000000707500000|  0%| F|  |TAMS 0x0000000707400000, 0x0000000707400000| Untracked 
|  39|0x0000000707500000, 0x0000000707500000, 0x0000000707600000|  0%| F|  |TAMS 0x0000000707500000, 0x0000000707500000| Untracked 
|  40|0x0000000707600000, 0x0000000707600000, 0x0000000707700000|  0%| F|  |TAMS 0x0000000707600000, 0x0000000707600000| Untracked 
|  41|0x0000000707700000, 0x0000000707700000, 0x0000000707800000|  0%| F|  |TAMS 0x0000000707700000, 0x0000000707700000| Untracked 
|  42|0x0000000707800000, 0x0000000707800000, 0x0000000707900000|  0%| F|  |TAMS 0x0000000707800000, 0x0000000707800000| Untracked 
|  43|0x0000000707900000, 0x0000000707900000, 0x0000000707a00000|  0%| F|  |TAMS 0x0000000707900000, 0x0000000707900000| Untracked 
|  44|0x0000000707a00000, 0x0000000707a00000, 0x0000000707b00000|  0%| F|  |TAMS 0x0000000707a00000, 0x0000000707a00000| Untracked 
|  45|0x0000000707b00000, 0x0000000707b00000, 0x0000000707c00000|  0%| F|  |TAMS 0x0000000707b00000, 0x0000000707b00000| Untracked 
|  46|0x0000000707c00000, 0x0000000707c00000, 0x0000000707d00000|  0%| F|  |TAMS 0x0000000707c00000, 0x0000000707c00000| Untracked 
|  47|0x0000000707d00000, 0x0000000707d00000, 0x0000000707e00000|  0%| F|  |TAMS 0x0000000707d00000, 0x0000000707d00000| Untracked 
|  48|0x0000000707e00000, 0x0000000707e00000, 0x0000000707f00000|  0%| F|  |TAMS 0x0000000707e00000, 0x0000000707e00000| Untracked 
|  49|0x0000000707f00000, 0x0000000707f00000, 0x0000000708000000|  0%| F|  |TAMS 0x0000000707f00000, 0x0000000707f00000| Untracked 
|  50|0x0000000708000000, 0x0000000708000000, 0x0000000708100000|  0%| F|  |TAMS 0x0000000708000000, 0x0000000708000000| Untracked 
|  51|0x0000000708100000, 0x0000000708100000, 0x0000000708200000|  0%| F|  |TAMS 0x0000000708100000, 0x0000000708100000| Untracked 
|  52|0x0000000708200000, 0x0000000708200000, 0x0000000708300000|  0%| F|  |TAMS 0x0000000708200000, 0x0000000708200000| Untracked 
|  53|0x0000000708300000, 0x0000000708300000, 0x0000000708400000|  0%| F|  |TAMS 0x0000000708300000, 0x0000000708300000| Untracked 
|  54|0x0000000708400000, 0x0000000708400000, 0x0000000708500000|  0%| F|  |TAMS 0x0000000708400000, 0x0000000708400000| Untracked 
|  55|0x0000000708500000, 0x0000000708500000, 0x0000000708600000|  0%| F|  |TAMS 0x0000000708500000, 0x0000000708500000| Untracked 
|  56|0x0000000708600000, 0x0000000708600000, 0x0000000708700000|  0%| F|  |TAMS 0x0000000708600000, 0x0000000708600000| Untracked 
|  57|0x0000000708700000, 0x0000000708700000, 0x0000000708800000|  0%| F|  |TAMS 0x0000000708700000, 0x0000000708700000| Untracked 
|  58|0x0000000708800000, 0x0000000708800000, 0x0000000708900000|  0%| F|  |TAMS 0x0000000708800000, 0x0000000708800000| Untracked 
|  59|0x0000000708900000, 0x0000000708900000, 0x0000000708a00000|  0%| F|  |TAMS 0x0000000708900000, 0x0000000708900000| Untracked 
|  60|0x0000000708a00000, 0x0000000708a00000, 0x0000000708b00000|  0%| F|  |TAMS 0x0000000708a00000, 0x0000000708a00000| Untracked 
|  61|0x0000000708b00000, 0x0000000708b00000, 0x0000000708c00000|  0%| F|  |TAMS 0x0000000708b00000, 0x0000000708b00000| Untracked 
|  62|0x0000000708c00000, 0x0000000708c00000, 0x0000000708d00000|  0%| F|  |TAMS 0x0000000708c00000, 0x0000000708c00000| Untracked 
|  63|0x0000000708d00000, 0x0000000708d00000, 0x0000000708e00000|  0%| F|  |TAMS 0x0000000708d00000, 0x0000000708d00000| Untracked 
|  64|0x0000000708e00000, 0x0000000708e00000, 0x0000000708f00000|  0%| F|  |TAMS 0x0000000708e00000, 0x0000000708e00000| Untracked 
|  65|0x0000000708f00000, 0x0000000708f00000, 0x0000000709000000|  0%| F|  |TAMS 0x0000000708f00000, 0x0000000708f00000| Untracked 
|  66|0x0000000709000000, 0x0000000709000000, 0x0000000709100000|  0%| F|  |TAMS 0x0000000709000000, 0x0000000709000000| Untracked 
|  67|0x0000000709100000, 0x0000000709100000, 0x0000000709200000|  0%| F|  |TAMS 0x0000000709100000, 0x0000000709100000| Untracked 
|  68|0x0000000709200000, 0x0000000709200000, 0x0000000709300000|  0%| F|  |TAMS 0x0000000709200000, 0x0000000709200000| Untracked 
|  69|0x0000000709300000, 0x0000000709300000, 0x0000000709400000|  0%| F|  |TAMS 0x0000000709300000, 0x0000000709300000| Untracked 
|  70|0x0000000709400000, 0x0000000709400000, 0x0000000709500000|  0%| F|  |TAMS 0x0000000709400000, 0x0000000709400000| Untracked 
|  71|0x0000000709500000, 0x0000000709500000, 0x0000000709600000|  0%| F|  |TAMS 0x0000000709500000, 0x0000000709500000| Untracked 
|  72|0x0000000709600000, 0x0000000709600000, 0x0000000709700000|  0%| F|  |TAMS 0x0000000709600000, 0x0000000709600000| Untracked 
|  73|0x0000000709700000, 0x0000000709700000, 0x0000000709800000|  0%| F|  |TAMS 0x0000000709700000, 0x0000000709700000| Untracked 
|  74|0x0000000709800000, 0x0000000709800000, 0x0000000709900000|  0%| F|  |TAMS 0x0000000709800000, 0x0000000709800000| Untracked 
|  75|0x0000000709900000, 0x0000000709900000, 0x0000000709a00000|  0%| F|  |TAMS 0x0000000709900000, 0x0000000709900000| Untracked 
|  76|0x0000000709a00000, 0x0000000709a00000, 0x0000000709b00000|  0%| F|  |TAMS 0x0000000709a00000, 0x0000000709a00000| Untracked 
|  77|0x0000000709b00000, 0x0000000709b00000, 0x0000000709c00000|  0%| F|  |TAMS 0x0000000709b00000, 0x0000000709b00000| Untracked 
|  78|0x0000000709c00000, 0x0000000709c00000, 0x0000000709d00000|  0%| F|  |TAMS 0x0000000709c00000, 0x0000000709c00000| Untracked 
|  79|0x0000000709d00000, 0x0000000709d00000, 0x0000000709e00000|  0%| F|  |TAMS 0x0000000709d00000, 0x0000000709d00000| Untracked 
|  80|0x0000000709e00000, 0x0000000709e00000, 0x0000000709f00000|  0%| F|  |TAMS 0x0000000709e00000, 0x0000000709e00000| Untracked 
|  81|0x0000000709f00000, 0x0000000709f00000, 0x000000070a000000|  0%| F|  |TAMS 0x0000000709f00000, 0x0000000709f00000| Untracked 
|  82|0x000000070a000000, 0x000000070a000000, 0x000000070a100000|  0%| F|  |TAMS 0x000000070a000000, 0x000000070a000000| Untracked 
|  83|0x000000070a100000, 0x000000070a200000, 0x000000070a200000|100%| S|CS|TAMS 0x000000070a100000, 0x000000070a100000| Complete 
|  84|0x000000070a200000, 0x000000070a300000, 0x000000070a300000|100%| S|CS|TAMS 0x000000070a200000, 0x000000070a200000| Complete 
|  85|0x000000070a300000, 0x000000070a400000, 0x000000070a400000|100%| S|CS|TAMS 0x000000070a300000, 0x000000070a300000| Complete 
|  86|0x000000070a400000, 0x000000070a500000, 0x000000070a500000|100%| S|CS|TAMS 0x000000070a400000, 0x000000070a400000| Complete 
|  87|0x000000070a500000, 0x000000070a600000, 0x000000070a600000|100%| S|CS|TAMS 0x000000070a500000, 0x000000070a500000| Complete 
|  88|0x000000070a600000, 0x000000070a700000, 0x000000070a700000|100%| S|CS|TAMS 0x000000070a600000, 0x000000070a600000| Complete 
|  89|0x000000070a700000, 0x000000070a800000, 0x000000070a800000|100%| S|CS|TAMS 0x000000070a700000, 0x000000070a700000| Complete 
|  90|0x000000070a800000, 0x000000070a900000, 0x000000070a900000|100%| S|CS|TAMS 0x000000070a800000, 0x000000070a800000| Complete 
|  91|0x000000070a900000, 0x000000070aa00000, 0x000000070aa00000|100%| S|CS|TAMS 0x000000070a900000, 0x000000070a900000| Complete 
|  92|0x000000070aa00000, 0x000000070ab00000, 0x000000070ab00000|100%| S|CS|TAMS 0x000000070aa00000, 0x000000070aa00000| Complete 
|  93|0x000000070ab00000, 0x000000070ac00000, 0x000000070ac00000|100%| S|CS|TAMS 0x000000070ab00000, 0x000000070ab00000| Complete 
|  94|0x000000070ac00000, 0x000000070ad00000, 0x000000070ad00000|100%| S|CS|TAMS 0x000000070ac00000, 0x000000070ac00000| Complete 
|  95|0x000000070ad00000, 0x000000070ae00000, 0x000000070ae00000|100%| S|CS|TAMS 0x000000070ad00000, 0x000000070ad00000| Complete 
|  96|0x000000070ae00000, 0x000000070af00000, 0x000000070af00000|100%| S|CS|TAMS 0x000000070ae00000, 0x000000070ae00000| Complete 
|  97|0x000000070af00000, 0x000000070b000000, 0x000000070b000000|100%| S|CS|TAMS 0x000000070af00000, 0x000000070af00000| Complete 
|  98|0x000000070b000000, 0x000000070b100000, 0x000000070b100000|100%| S|CS|TAMS 0x000000070b000000, 0x000000070b000000| Complete 
|  99|0x000000070b100000, 0x000000070b200000, 0x000000070b200000|100%| S|CS|TAMS 0x000000070b100000, 0x000000070b100000| Complete 
| 100|0x000000070b200000, 0x000000070b300000, 0x000000070b300000|100%| S|CS|TAMS 0x000000070b200000, 0x000000070b200000| Complete 
| 101|0x000000070b300000, 0x000000070b300000, 0x000000070b400000|  0%| F|  |TAMS 0x000000070b300000, 0x000000070b300000| Untracked 
| 102|0x000000070b400000, 0x000000070b400000, 0x000000070b500000|  0%| F|  |TAMS 0x000000070b400000, 0x000000070b400000| Untracked 
| 103|0x000000070b500000, 0x000000070b500000, 0x000000070b600000|  0%| F|  |TAMS 0x000000070b500000, 0x000000070b500000| Untracked 
| 104|0x000000070b600000, 0x000000070b600000, 0x000000070b700000|  0%| F|  |TAMS 0x000000070b600000, 0x000000070b600000| Untracked 
| 105|0x000000070b700000, 0x000000070b700000, 0x000000070b800000|  0%| F|  |TAMS 0x000000070b700000, 0x000000070b700000| Untracked 
| 106|0x000000070b800000, 0x000000070b800000, 0x000000070b900000|  0%| F|  |TAMS 0x000000070b800000, 0x000000070b800000| Untracked 
| 107|0x000000070b900000, 0x000000070b900000, 0x000000070ba00000|  0%| F|  |TAMS 0x000000070b900000, 0x000000070b900000| Untracked 
| 108|0x000000070ba00000, 0x000000070ba00000, 0x000000070bb00000|  0%| F|  |TAMS 0x000000070ba00000, 0x000000070ba00000| Untracked 
| 109|0x000000070bb00000, 0x000000070bb00000, 0x000000070bc00000|  0%| F|  |TAMS 0x000000070bb00000, 0x000000070bb00000| Untracked 
| 110|0x000000070bc00000, 0x000000070bc00000, 0x000000070bd00000|  0%| F|  |TAMS 0x000000070bc00000, 0x000000070bc00000| Untracked 
| 111|0x000000070bd00000, 0x000000070bd00000, 0x000000070be00000|  0%| F|  |TAMS 0x000000070bd00000, 0x000000070bd00000| Untracked 
| 112|0x000000070be00000, 0x000000070be00000, 0x000000070bf00000|  0%| F|  |TAMS 0x000000070be00000, 0x000000070be00000| Untracked 
| 113|0x000000070bf00000, 0x000000070bf00000, 0x000000070c000000|  0%| F|  |TAMS 0x000000070bf00000, 0x000000070bf00000| Untracked 
| 114|0x000000070c000000, 0x000000070c000000, 0x000000070c100000|  0%| F|  |TAMS 0x000000070c000000, 0x000000070c000000| Untracked 
| 115|0x000000070c100000, 0x000000070c100000, 0x000000070c200000|  0%| F|  |TAMS 0x000000070c100000, 0x000000070c100000| Untracked 
| 116|0x000000070c200000, 0x000000070c200000, 0x000000070c300000|  0%| F|  |TAMS 0x000000070c200000, 0x000000070c200000| Untracked 
| 117|0x000000070c300000, 0x000000070c300000, 0x000000070c400000|  0%| F|  |TAMS 0x000000070c300000, 0x000000070c300000| Untracked 
| 118|0x000000070c400000, 0x000000070c400000, 0x000000070c500000|  0%| F|  |TAMS 0x000000070c400000, 0x000000070c400000| Untracked 
| 119|0x000000070c500000, 0x000000070c500000, 0x000000070c600000|  0%| F|  |TAMS 0x000000070c500000, 0x000000070c500000| Untracked 
| 120|0x000000070c600000, 0x000000070c600000, 0x000000070c700000|  0%| F|  |TAMS 0x000000070c600000, 0x000000070c600000| Untracked 
| 121|0x000000070c700000, 0x000000070c700000, 0x000000070c800000|  0%| F|  |TAMS 0x000000070c700000, 0x000000070c700000| Untracked 
| 122|0x000000070c800000, 0x000000070c800000, 0x000000070c900000|  0%| F|  |TAMS 0x000000070c800000, 0x000000070c800000| Untracked 
| 123|0x000000070c900000, 0x000000070c900000, 0x000000070ca00000|  0%| F|  |TAMS 0x000000070c900000, 0x000000070c900000| Untracked 
| 124|0x000000070ca00000, 0x000000070ca00000, 0x000000070cb00000|  0%| F|  |TAMS 0x000000070ca00000, 0x000000070ca00000| Untracked 
| 125|0x000000070cb00000, 0x000000070cb00000, 0x000000070cc00000|  0%| F|  |TAMS 0x000000070cb00000, 0x000000070cb00000| Untracked 
| 126|0x000000070cc00000, 0x000000070cc00000, 0x000000070cd00000|  0%| F|  |TAMS 0x000000070cc00000, 0x000000070cc00000| Untracked 
| 127|0x000000070cd00000, 0x000000070cd00000, 0x000000070ce00000|  0%| F|  |TAMS 0x000000070cd00000, 0x000000070cd00000| Untracked 
| 128|0x000000070ce00000, 0x000000070ce00000, 0x000000070cf00000|  0%| F|  |TAMS 0x000000070ce00000, 0x000000070ce00000| Untracked 
| 129|0x000000070cf00000, 0x000000070cf00000, 0x000000070d000000|  0%| F|  |TAMS 0x000000070cf00000, 0x000000070cf00000| Untracked 
| 130|0x000000070d000000, 0x000000070d000000, 0x000000070d100000|  0%| F|  |TAMS 0x000000070d000000, 0x000000070d000000| Untracked 
| 131|0x000000070d100000, 0x000000070d100000, 0x000000070d200000|  0%| F|  |TAMS 0x000000070d100000, 0x000000070d100000| Untracked 
| 132|0x000000070d200000, 0x000000070d200000, 0x000000070d300000|  0%| F|  |TAMS 0x000000070d200000, 0x000000070d200000| Untracked 
| 133|0x000000070d300000, 0x000000070d300000, 0x000000070d400000|  0%| F|  |TAMS 0x000000070d300000, 0x000000070d300000| Untracked 
| 134|0x000000070d400000, 0x000000070d400000, 0x000000070d500000|  0%| F|  |TAMS 0x000000070d400000, 0x000000070d400000| Untracked 
| 135|0x000000070d500000, 0x000000070d500000, 0x000000070d600000|  0%| F|  |TAMS 0x000000070d500000, 0x000000070d500000| Untracked 
| 136|0x000000070d600000, 0x000000070d600000, 0x000000070d700000|  0%| F|  |TAMS 0x000000070d600000, 0x000000070d600000| Untracked 
| 137|0x000000070d700000, 0x000000070d700000, 0x000000070d800000|  0%| F|  |TAMS 0x000000070d700000, 0x000000070d700000| Untracked 
| 138|0x000000070d800000, 0x000000070d800000, 0x000000070d900000|  0%| F|  |TAMS 0x000000070d800000, 0x000000070d800000| Untracked 
| 139|0x000000070d900000, 0x000000070d900000, 0x000000070da00000|  0%| F|  |TAMS 0x000000070d900000, 0x000000070d900000| Untracked 
| 140|0x000000070da00000, 0x000000070da00000, 0x000000070db00000|  0%| F|  |TAMS 0x000000070da00000, 0x000000070da00000| Untracked 
| 141|0x000000070db00000, 0x000000070db00000, 0x000000070dc00000|  0%| F|  |TAMS 0x000000070db00000, 0x000000070db00000| Untracked 
| 142|0x000000070dc00000, 0x000000070dc00000, 0x000000070dd00000|  0%| F|  |TAMS 0x000000070dc00000, 0x000000070dc00000| Untracked 
| 143|0x000000070dd00000, 0x000000070dd00000, 0x000000070de00000|  0%| F|  |TAMS 0x000000070dd00000, 0x000000070dd00000| Untracked 
| 144|0x000000070de00000, 0x000000070de00000, 0x000000070df00000|  0%| F|  |TAMS 0x000000070de00000, 0x000000070de00000| Untracked 
| 145|0x000000070df00000, 0x000000070df00000, 0x000000070e000000|  0%| F|  |TAMS 0x000000070df00000, 0x000000070df00000| Untracked 
| 146|0x000000070e000000, 0x000000070e000000, 0x000000070e100000|  0%| F|  |TAMS 0x000000070e000000, 0x000000070e000000| Untracked 
| 147|0x000000070e100000, 0x000000070e100000, 0x000000070e200000|  0%| F|  |TAMS 0x000000070e100000, 0x000000070e100000| Untracked 
| 148|0x000000070e200000, 0x000000070e200000, 0x000000070e300000|  0%| F|  |TAMS 0x000000070e200000, 0x000000070e200000| Untracked 
| 149|0x000000070e300000, 0x000000070e300000, 0x000000070e400000|  0%| F|  |TAMS 0x000000070e300000, 0x000000070e300000| Untracked 
| 150|0x000000070e400000, 0x000000070e400000, 0x000000070e500000|  0%| F|  |TAMS 0x000000070e400000, 0x000000070e400000| Untracked 
| 151|0x000000070e500000, 0x000000070e500000, 0x000000070e600000|  0%| F|  |TAMS 0x000000070e500000, 0x000000070e500000| Untracked 
| 152|0x000000070e600000, 0x000000070e600000, 0x000000070e700000|  0%| F|  |TAMS 0x000000070e600000, 0x000000070e600000| Untracked 
| 153|0x000000070e700000, 0x000000070e700000, 0x000000070e800000|  0%| F|  |TAMS 0x000000070e700000, 0x000000070e700000| Untracked 
| 154|0x000000070e800000, 0x000000070e800000, 0x000000070e900000|  0%| F|  |TAMS 0x000000070e800000, 0x000000070e800000| Untracked 
| 155|0x000000070e900000, 0x000000070e900000, 0x000000070ea00000|  0%| F|  |TAMS 0x000000070e900000, 0x000000070e900000| Untracked 
| 156|0x000000070ea00000, 0x000000070ea00000, 0x000000070eb00000|  0%| F|  |TAMS 0x000000070ea00000, 0x000000070ea00000| Untracked 
| 157|0x000000070eb00000, 0x000000070eb00000, 0x000000070ec00000|  0%| F|  |TAMS 0x000000070eb00000, 0x000000070eb00000| Untracked 
| 158|0x000000070ec00000, 0x000000070ec00000, 0x000000070ed00000|  0%| F|  |TAMS 0x000000070ec00000, 0x000000070ec00000| Untracked 
| 159|0x000000070ed00000, 0x000000070ed00000, 0x000000070ee00000|  0%| F|  |TAMS 0x000000070ed00000, 0x000000070ed00000| Untracked 
| 160|0x000000070ee00000, 0x000000070ee00000, 0x000000070ef00000|  0%| F|  |TAMS 0x000000070ee00000, 0x000000070ee00000| Untracked 
| 161|0x000000070ef00000, 0x000000070ef00000, 0x000000070f000000|  0%| F|  |TAMS 0x000000070ef00000, 0x000000070ef00000| Untracked 
| 162|0x000000070f000000, 0x000000070f000000, 0x000000070f100000|  0%| F|  |TAMS 0x000000070f000000, 0x000000070f000000| Untracked 
| 163|0x000000070f100000, 0x000000070f100000, 0x000000070f200000|  0%| F|  |TAMS 0x000000070f100000, 0x000000070f100000| Untracked 
| 164|0x000000070f200000, 0x000000070f200000, 0x000000070f300000|  0%| F|  |TAMS 0x000000070f200000, 0x000000070f200000| Untracked 
| 165|0x000000070f300000, 0x000000070f300000, 0x000000070f400000|  0%| F|  |TAMS 0x000000070f300000, 0x000000070f300000| Untracked 
| 166|0x000000070f400000, 0x000000070f400000, 0x000000070f500000|  0%| F|  |TAMS 0x000000070f400000, 0x000000070f400000| Untracked 
| 167|0x000000070f500000, 0x000000070f500000, 0x000000070f600000|  0%| F|  |TAMS 0x000000070f500000, 0x000000070f500000| Untracked 
| 168|0x000000070f600000, 0x000000070f600000, 0x000000070f700000|  0%| F|  |TAMS 0x000000070f600000, 0x000000070f600000| Untracked 
| 169|0x000000070f700000, 0x000000070f700000, 0x000000070f800000|  0%| F|  |TAMS 0x000000070f700000, 0x000000070f700000| Untracked 
| 170|0x000000070f800000, 0x000000070f800000, 0x000000070f900000|  0%| F|  |TAMS 0x000000070f800000, 0x000000070f800000| Untracked 
| 171|0x000000070f900000, 0x000000070f900000, 0x000000070fa00000|  0%| F|  |TAMS 0x000000070f900000, 0x000000070f900000| Untracked 
| 172|0x000000070fa00000, 0x000000070fa00000, 0x000000070fb00000|  0%| F|  |TAMS 0x000000070fa00000, 0x000000070fa00000| Untracked 
| 173|0x000000070fb00000, 0x000000070fb00000, 0x000000070fc00000|  0%| F|  |TAMS 0x000000070fb00000, 0x000000070fb00000| Untracked 
| 174|0x000000070fc00000, 0x000000070fc00000, 0x000000070fd00000|  0%| F|  |TAMS 0x000000070fc00000, 0x000000070fc00000| Untracked 
| 175|0x000000070fd00000, 0x000000070fd00000, 0x000000070fe00000|  0%| F|  |TAMS 0x000000070fd00000, 0x000000070fd00000| Untracked 
| 176|0x000000070fe00000, 0x000000070fe00000, 0x000000070ff00000|  0%| F|  |TAMS 0x000000070fe00000, 0x000000070fe00000| Untracked 
| 177|0x000000070ff00000, 0x000000070ff00000, 0x0000000710000000|  0%| F|  |TAMS 0x000000070ff00000, 0x000000070ff00000| Untracked 
| 178|0x0000000710000000, 0x0000000710000000, 0x0000000710100000|  0%| F|  |TAMS 0x0000000710000000, 0x0000000710000000| Untracked 
| 179|0x0000000710100000, 0x0000000710100000, 0x0000000710200000|  0%| F|  |TAMS 0x0000000710100000, 0x0000000710100000| Untracked 
| 180|0x0000000710200000, 0x0000000710200000, 0x0000000710300000|  0%| F|  |TAMS 0x0000000710200000, 0x0000000710200000| Untracked 
| 181|0x0000000710300000, 0x0000000710300000, 0x0000000710400000|  0%| F|  |TAMS 0x0000000710300000, 0x0000000710300000| Untracked 
| 182|0x0000000710400000, 0x0000000710400000, 0x0000000710500000|  0%| F|  |TAMS 0x0000000710400000, 0x0000000710400000| Untracked 
| 183|0x0000000710500000, 0x0000000710500000, 0x0000000710600000|  0%| F|  |TAMS 0x0000000710500000, 0x0000000710500000| Untracked 
| 184|0x0000000710600000, 0x0000000710600000, 0x0000000710700000|  0%| F|  |TAMS 0x0000000710600000, 0x0000000710600000| Untracked 
| 185|0x0000000710700000, 0x0000000710700000, 0x0000000710800000|  0%| F|  |TAMS 0x0000000710700000, 0x0000000710700000| Untracked 
| 186|0x0000000710800000, 0x0000000710800800, 0x0000000710900000|  0%| E|  |TAMS 0x0000000710800000, 0x0000000710800000| Complete 
| 187|0x0000000710900000, 0x0000000710a00000, 0x0000000710a00000|100%| E|CS|TAMS 0x0000000710900000, 0x0000000710900000| Complete 
| 188|0x0000000710a00000, 0x0000000710b00000, 0x0000000710b00000|100%| E|CS|TAMS 0x0000000710a00000, 0x0000000710a00000| Complete 
| 189|0x0000000710b00000, 0x0000000710c00000, 0x0000000710c00000|100%| E|CS|TAMS 0x0000000710b00000, 0x0000000710b00000| Complete 
| 190|0x0000000710c00000, 0x0000000710d00000, 0x0000000710d00000|100%| E|CS|TAMS 0x0000000710c00000, 0x0000000710c00000| Complete 
| 191|0x0000000710d00000, 0x0000000710e00000, 0x0000000710e00000|100%| E|CS|TAMS 0x0000000710d00000, 0x0000000710d00000| Complete 
| 192|0x0000000710e00000, 0x0000000710f00000, 0x0000000710f00000|100%| E|CS|TAMS 0x0000000710e00000, 0x0000000710e00000| Complete 
| 193|0x0000000710f00000, 0x0000000711000000, 0x0000000711000000|100%| E|CS|TAMS 0x0000000710f00000, 0x0000000710f00000| Complete 
| 194|0x0000000711000000, 0x0000000711100000, 0x0000000711100000|100%| E|CS|TAMS 0x0000000711000000, 0x0000000711000000| Complete 
| 195|0x0000000711100000, 0x0000000711200000, 0x0000000711200000|100%| E|CS|TAMS 0x0000000711100000, 0x0000000711100000| Complete 
| 196|0x0000000711200000, 0x0000000711300000, 0x0000000711300000|100%| E|CS|TAMS 0x0000000711200000, 0x0000000711200000| Complete 
| 197|0x0000000711300000, 0x0000000711400000, 0x0000000711400000|100%| E|CS|TAMS 0x0000000711300000, 0x0000000711300000| Complete 
| 198|0x0000000711400000, 0x0000000711500000, 0x0000000711500000|100%| E|CS|TAMS 0x0000000711400000, 0x0000000711400000| Complete 
| 199|0x0000000711500000, 0x0000000711600000, 0x0000000711600000|100%| E|CS|TAMS 0x0000000711500000, 0x0000000711500000| Complete 
| 200|0x0000000711600000, 0x0000000711700000, 0x0000000711700000|100%| E|CS|TAMS 0x0000000711600000, 0x0000000711600000| Complete 
| 201|0x0000000711700000, 0x0000000711800000, 0x0000000711800000|100%| E|CS|TAMS 0x0000000711700000, 0x0000000711700000| Complete 
| 202|0x0000000711800000, 0x0000000711900000, 0x0000000711900000|100%| E|CS|TAMS 0x0000000711800000, 0x0000000711800000| Complete 
| 203|0x0000000711900000, 0x0000000711a00000, 0x0000000711a00000|100%| E|CS|TAMS 0x0000000711900000, 0x0000000711900000| Complete 
| 204|0x0000000711a00000, 0x0000000711b00000, 0x0000000711b00000|100%| E|CS|TAMS 0x0000000711a00000, 0x0000000711a00000| Complete 
| 205|0x0000000711b00000, 0x0000000711c00000, 0x0000000711c00000|100%| E|CS|TAMS 0x0000000711b00000, 0x0000000711b00000| Complete 
| 206|0x0000000711c00000, 0x0000000711d00000, 0x0000000711d00000|100%| E|CS|TAMS 0x0000000711c00000, 0x0000000711c00000| Complete 
| 207|0x0000000711d00000, 0x0000000711e00000, 0x0000000711e00000|100%| E|CS|TAMS 0x0000000711d00000, 0x0000000711d00000| Complete 
| 208|0x0000000711e00000, 0x0000000711f00000, 0x0000000711f00000|100%| E|CS|TAMS 0x0000000711e00000, 0x0000000711e00000| Complete 
| 209|0x0000000711f00000, 0x0000000712000000, 0x0000000712000000|100%| E|CS|TAMS 0x0000000711f00000, 0x0000000711f00000| Complete 
| 210|0x0000000712000000, 0x0000000712100000, 0x0000000712100000|100%| E|CS|TAMS 0x0000000712000000, 0x0000000712000000| Complete 
| 211|0x0000000712100000, 0x0000000712200000, 0x0000000712200000|100%| E|CS|TAMS 0x0000000712100000, 0x0000000712100000| Complete 
| 212|0x0000000712200000, 0x0000000712300000, 0x0000000712300000|100%| E|CS|TAMS 0x0000000712200000, 0x0000000712200000| Complete 
| 213|0x0000000712300000, 0x0000000712400000, 0x0000000712400000|100%| E|CS|TAMS 0x0000000712300000, 0x0000000712300000| Complete 
| 214|0x0000000712400000, 0x0000000712500000, 0x0000000712500000|100%| E|CS|TAMS 0x0000000712400000, 0x0000000712400000| Complete 
| 215|0x0000000712500000, 0x0000000712600000, 0x0000000712600000|100%| E|CS|TAMS 0x0000000712500000, 0x0000000712500000| Complete 
| 216|0x0000000712600000, 0x0000000712700000, 0x0000000712700000|100%| E|CS|TAMS 0x0000000712600000, 0x0000000712600000| Complete 
| 217|0x0000000712700000, 0x0000000712800000, 0x0000000712800000|100%| E|CS|TAMS 0x0000000712700000, 0x0000000712700000| Complete 
| 218|0x0000000712800000, 0x0000000712900000, 0x0000000712900000|100%| E|CS|TAMS 0x0000000712800000, 0x0000000712800000| Complete 
| 219|0x0000000712900000, 0x0000000712a00000, 0x0000000712a00000|100%| E|CS|TAMS 0x0000000712900000, 0x0000000712900000| Complete 
| 220|0x0000000712a00000, 0x0000000712b00000, 0x0000000712b00000|100%| E|CS|TAMS 0x0000000712a00000, 0x0000000712a00000| Complete 
| 221|0x0000000712b00000, 0x0000000712c00000, 0x0000000712c00000|100%| E|CS|TAMS 0x0000000712b00000, 0x0000000712b00000| Complete 
| 222|0x0000000712c00000, 0x0000000712d00000, 0x0000000712d00000|100%| E|CS|TAMS 0x0000000712c00000, 0x0000000712c00000| Complete 
| 223|0x0000000712d00000, 0x0000000712e00000, 0x0000000712e00000|100%| E|CS|TAMS 0x0000000712d00000, 0x0000000712d00000| Complete 
| 224|0x0000000712e00000, 0x0000000712f00000, 0x0000000712f00000|100%| E|CS|TAMS 0x0000000712e00000, 0x0000000712e00000| Complete 
| 225|0x0000000712f00000, 0x0000000713000000, 0x0000000713000000|100%| E|CS|TAMS 0x0000000712f00000, 0x0000000712f00000| Complete 
| 226|0x0000000713000000, 0x0000000713100000, 0x0000000713100000|100%| E|CS|TAMS 0x0000000713000000, 0x0000000713000000| Complete 
| 227|0x0000000713100000, 0x0000000713200000, 0x0000000713200000|100%| E|CS|TAMS 0x0000000713100000, 0x0000000713100000| Complete 
| 228|0x0000000713200000, 0x0000000713300000, 0x0000000713300000|100%| E|CS|TAMS 0x0000000713200000, 0x0000000713200000| Complete 
| 229|0x0000000713300000, 0x0000000713400000, 0x0000000713400000|100%| E|CS|TAMS 0x0000000713300000, 0x0000000713300000| Complete 
| 230|0x0000000713400000, 0x0000000713500000, 0x0000000713500000|100%| E|CS|TAMS 0x0000000713400000, 0x0000000713400000| Complete 
| 231|0x0000000713500000, 0x0000000713600000, 0x0000000713600000|100%| E|CS|TAMS 0x0000000713500000, 0x0000000713500000| Complete 
| 232|0x0000000713600000, 0x0000000713700000, 0x0000000713700000|100%| E|CS|TAMS 0x0000000713600000, 0x0000000713600000| Complete 
| 233|0x0000000713700000, 0x0000000713800000, 0x0000000713800000|100%| E|CS|TAMS 0x0000000713700000, 0x0000000713700000| Complete 
| 234|0x0000000713800000, 0x0000000713900000, 0x0000000713900000|100%| E|CS|TAMS 0x0000000713800000, 0x0000000713800000| Complete 
| 235|0x0000000713900000, 0x0000000713a00000, 0x0000000713a00000|100%| E|CS|TAMS 0x0000000713900000, 0x0000000713900000| Complete 
| 236|0x0000000713a00000, 0x0000000713b00000, 0x0000000713b00000|100%| E|CS|TAMS 0x0000000713a00000, 0x0000000713a00000| Complete 
| 237|0x0000000713b00000, 0x0000000713c00000, 0x0000000713c00000|100%| E|CS|TAMS 0x0000000713b00000, 0x0000000713b00000| Complete 
| 238|0x0000000713c00000, 0x0000000713d00000, 0x0000000713d00000|100%| E|CS|TAMS 0x0000000713c00000, 0x0000000713c00000| Complete 
| 239|0x0000000713d00000, 0x0000000713e00000, 0x0000000713e00000|100%| E|CS|TAMS 0x0000000713d00000, 0x0000000713d00000| Complete 
| 240|0x0000000713e00000, 0x0000000713f00000, 0x0000000713f00000|100%| E|CS|TAMS 0x0000000713e00000, 0x0000000713e00000| Complete 
| 241|0x0000000713f00000, 0x0000000714000000, 0x0000000714000000|100%| E|CS|TAMS 0x0000000713f00000, 0x0000000713f00000| Complete 
| 242|0x0000000714000000, 0x0000000714100000, 0x0000000714100000|100%| E|CS|TAMS 0x0000000714000000, 0x0000000714000000| Complete 
| 243|0x0000000714100000, 0x0000000714200000, 0x0000000714200000|100%| E|CS|TAMS 0x0000000714100000, 0x0000000714100000| Complete 
| 244|0x0000000714200000, 0x0000000714300000, 0x0000000714300000|100%| E|CS|TAMS 0x0000000714200000, 0x0000000714200000| Complete 
| 245|0x0000000714300000, 0x0000000714400000, 0x0000000714400000|100%| E|CS|TAMS 0x0000000714300000, 0x0000000714300000| Complete 
| 246|0x0000000714400000, 0x0000000714500000, 0x0000000714500000|100%| E|CS|TAMS 0x0000000714400000, 0x0000000714400000| Complete 
| 247|0x0000000714500000, 0x0000000714600000, 0x0000000714600000|100%| E|CS|TAMS 0x0000000714500000, 0x0000000714500000| Complete 
| 248|0x0000000714600000, 0x0000000714700000, 0x0000000714700000|100%| E|CS|TAMS 0x0000000714600000, 0x0000000714600000| Complete 
| 249|0x0000000714700000, 0x0000000714800000, 0x0000000714800000|100%| E|CS|TAMS 0x0000000714700000, 0x0000000714700000| Complete 
| 250|0x0000000714800000, 0x0000000714900000, 0x0000000714900000|100%| E|CS|TAMS 0x0000000714800000, 0x0000000714800000| Complete 
| 251|0x0000000714900000, 0x0000000714a00000, 0x0000000714a00000|100%| E|CS|TAMS 0x0000000714900000, 0x0000000714900000| Complete 

Card table byte_map: [0x00000248e6210000,0x00000248e69f0000] _byte_map_base: 0x00000248e29e9000

Marking Bits (Prev, Next): (CMBitMap*) 0x00000248cb98b060, (CMBitMap*) 0x00000248cb98b028
 Prev Bits: [0x00000248eb0a0000, 0x00000248eef68000)
 Next Bits: [0x00000248e71d0000, 0x00000248eb098000)

Polling page: 0x00000248cb9e0000

Metaspace:

Usage:
  Non-class:     70.62 MB capacity,    69.33 MB ( 98%) used,     1.01 MB (  1%) free+waste,   281.25 KB ( <1%) overhead. 
      Class:     11.20 MB capacity,    10.32 MB ( 92%) used,   773.19 KB (  7%) free+waste,   132.31 KB (  1%) overhead. 
       Both:     81.82 MB capacity,    79.65 MB ( 97%) used,     1.77 MB (  2%) free+waste,   413.56 KB ( <1%) overhead. 

Virtual space:
  Non-class space:       72.00 MB reserved,      70.75 MB ( 98%) committed 
      Class space:        1.00 GB reserved,      11.25 MB (  1%) committed 
             Both:        1.07 GB reserved,      82.00 MB (  7%) committed 

Chunk freelists:
   Non-Class:  8.00 KB
       Class:  17.00 KB
        Both:  25.00 KB

MaxMetaspaceSize: 17179869184.00 GB
CompressedClassSpaceSize: 1.00 GB
Initial GC threshold: 20.80 MB
Current GC threshold: 98.34 MB
CDS: off

CodeHeap 'non-profiled nmethods': size=119168Kb used=6566Kb max_used=6566Kb free=112601Kb
 bounds [0x00000248ddd50000, 0x00000248de3c0000, 0x00000248e51b0000]
CodeHeap 'profiled nmethods': size=119168Kb used=18211Kb max_used=18211Kb free=100956Kb
 bounds [0x00000248d68f0000, 0x00000248d7ac0000, 0x00000248ddd50000]
CodeHeap 'non-nmethods': size=7424Kb used=1336Kb max_used=3059Kb free=6087Kb
 bounds [0x00000248d61b0000, 0x00000248d64b0000, 0x00000248d68f0000]
 total_blobs=8309 nmethods=7672 adapters=548
 compilation: enabled
              stopped_count=0, restarted_count=0
 full_count=0

Compilation events (20 events):
Event: 15.914 Thread 0x00000248f2a40800 nmethod 7685 0x00000248de39b210 code [0x00000248de39b3a0, 0x00000248de39b458]
Event: 15.914 Thread 0x00000248f2a40800 7656       4       java.util.Properties::getProperty (50 bytes)
Event: 15.947 Thread 0x00000248f2a40800 nmethod 7656 0x00000248de39b590 code [0x00000248de39b7c0, 0x00000248de39c9c8]
Event: 16.167 Thread 0x00000248f29ff000 nmethod 7652 0x00000248de39d290 code [0x00000248de39dc00, 0x00000248de3a6548]
Event: 16.207 Thread 0x00000248f2a3c000 nmethod 7651 0x00000248de3aaf90 code [0x00000248de3aba40, 0x00000248de3b4730]
Event: 16.300 Thread 0x00000248f2a3e000 7725       3       java.util.EventObject::<init> (24 bytes)
Event: 16.301 Thread 0x00000248f2a3e000 nmethod 7725 0x00000248d7ab6890 code [0x00000248d7ab6a60, 0x00000248d7ab6d28]
Event: 16.552 Thread 0x00000248f2a12800 7726       3       java.net.NetworkInterface::<init> (15 bytes)
Event: 16.553 Thread 0x00000248f2a12800 nmethod 7726 0x00000248d7ab6e10 code [0x00000248d7ab6fc0, 0x00000248d7ab7158]
Event: 16.707 Thread 0x00000248f2a3e000 7727       3       java.net.NetworkInterface$2::hasMoreElements (18 bytes)
Event: 16.707 Thread 0x00000248f2a3e000 nmethod 7727 0x00000248d7ab7210 code [0x00000248d7ab73c0, 0x00000248d7ab7538]
Event: 16.764 Thread 0x00000248f2a12800 7728       3       java.net.NetworkInterface$2::nextElement (37 bytes)
Event: 16.764 Thread 0x00000248f2a12800 nmethod 7728 0x00000248d7ab7610 code [0x00000248d7ab77e0, 0x00000248d7ab7a28]
Event: 22.868 Thread 0x00000248f29ff000 7729       4       java.lang.Thread::interrupted (8 bytes)
Event: 22.869 Thread 0x00000248f29ff000 nmethod 7729 0x00000248de3b9690 code [0x00000248de3b9820, 0x00000248de3b98a8]
Event: 35.875 Thread 0x00000248f2a12800 7730       3       java.util.concurrent.locks.ReentrantLock$Sync::nonfairTryAcquire (67 bytes)
Event: 35.876 Thread 0x00000248f2a12800 nmethod 7730 0x00000248d7ab7b90 code [0x00000248d7ab7de0, 0x00000248d7ab8688]
Event: 36.877 Thread 0x00000248f2a12800 7731       3       java.util.concurrent.ThreadPoolExecutor::runStateAtLeast (11 bytes)
Event: 36.877 Thread 0x00000248f2a12800 nmethod 7731 0x00000248d7ab8990 code [0x00000248d7ab8b40, 0x00000248d7ab8c78]
Event: 38.002 Thread 0x00000248f2a12800 7732       3       java.text.SimpleDateFormat::subFormat (1260 bytes)

GC Heap History (16 events):
Event: 0.605 GC heap before
{Heap before GC invocations=0 (full 0):
 garbage-first heap   total 258048K, used 26624K [0x0000000704e00000, 0x0000000800000000)
  region size 1024K, 24 young (24576K), 0 survivors (0K)
 Metaspace       used 10866K, capacity 11095K, committed 11392K, reserved 1058816K
  class space    used 1007K, capacity 1057K, committed 1152K, reserved 1048576K
}
Event: 0.608 GC heap after
{Heap after GC invocations=1 (full 0):
 garbage-first heap   total 258048K, used 8858K [0x0000000704e00000, 0x0000000800000000)
  region size 1024K, 3 young (3072K), 3 survivors (3072K)
 Metaspace       used 10866K, capacity 11095K, committed 11392K, reserved 1058816K
  class space    used 1007K, capacity 1057K, committed 1152K, reserved 1048576K
}
Event: 1.646 GC heap before
{Heap before GC invocations=1 (full 0):
 garbage-first heap   total 258048K, used 50842K [0x0000000704e00000, 0x0000000800000000)
  region size 1024K, 45 young (46080K), 3 survivors (3072K)
 Metaspace       used 20600K, capacity 21097K, committed 21248K, reserved 1069056K
  class space    used 2252K, capacity 2451K, committed 2560K, reserved 1048576K
}
Event: 1.649 GC heap after
{Heap after GC invocations=2 (full 0):
 garbage-first heap   total 258048K, used 11078K [0x0000000704e00000, 0x0000000800000000)
  region size 1024K, 6 young (6144K), 6 survivors (6144K)
 Metaspace       used 20600K, capacity 21097K, committed 21248K, reserved 1069056K
  class space    used 2252K, capacity 2451K, committed 2560K, reserved 1048576K
}
Event: 1.954 GC heap before
{Heap before GC invocations=3 (full 0):
 garbage-first heap   total 258048K, used 35654K [0x0000000704e00000, 0x0000000800000000)
  region size 1024K, 30 young (30720K), 6 survivors (6144K)
 Metaspace       used 23439K, capacity 24058K, committed 24192K, reserved 1071104K
  class space    used 2712K, capacity 2943K, committed 2944K, reserved 1048576K
}
Event: 1.957 GC heap after
{Heap after GC invocations=4 (full 0):
 garbage-first heap   total 258048K, used 12049K [0x0000000704e00000, 0x0000000800000000)
  region size 1024K, 2 young (2048K), 2 survivors (2048K)
 Metaspace       used 23439K, capacity 24058K, committed 24192K, reserved 1071104K
  class space    used 2712K, capacity 2943K, committed 2944K, reserved 1048576K
}
Event: 2.563 GC heap before
{Heap before GC invocations=4 (full 0):
 garbage-first heap   total 258048K, used 78609K [0x0000000704e00000, 0x0000000800000000)
  region size 1024K, 67 young (68608K), 2 survivors (2048K)
 Metaspace       used 31133K, capacity 31826K, committed 32128K, reserved 1077248K
  class space    used 3583K, capacity 3852K, committed 3968K, reserved 1048576K
}
Event: 2.566 GC heap after
{Heap after GC invocations=5 (full 0):
 garbage-first heap   total 258048K, used 14847K [0x0000000704e00000, 0x0000000800000000)
  region size 1024K, 4 young (4096K), 4 survivors (4096K)
 Metaspace       used 31133K, capacity 31826K, committed 32128K, reserved 1077248K
  class space    used 3583K, capacity 3852K, committed 3968K, reserved 1048576K
}
Event: 3.396 GC heap before
{Heap before GC invocations=5 (full 0):
 garbage-first heap   total 258048K, used 74239K [0x0000000704e00000, 0x0000000800000000)
  region size 1024K, 63 young (64512K), 4 survivors (4096K)
 Metaspace       used 34925K, capacity 35737K, committed 35840K, reserved 1081344K
  class space    used 4099K, capacity 4437K, committed 4480K, reserved 1048576K
}
Event: 3.399 GC heap after
{Heap after GC invocations=6 (full 0):
 garbage-first heap   total 258048K, used 16578K [0x0000000704e00000, 0x0000000800000000)
  region size 1024K, 6 young (6144K), 6 survivors (6144K)
 Metaspace       used 34925K, capacity 35737K, committed 35840K, reserved 1081344K
  class space    used 4099K, capacity 4437K, committed 4480K, reserved 1048576K
}
Event: 7.006 GC heap before
{Heap before GC invocations=7 (full 0):
 garbage-first heap   total 258048K, used 146626K [0x0000000704e00000, 0x0000000800000000)
  region size 1024K, 128 young (131072K), 6 survivors (6144K)
 Metaspace       used 48995K, capacity 50389K, committed 50560K, reserved 1093632K
  class space    used 6119K, capacity 6694K, committed 6784K, reserved 1048576K
}
Event: 7.031 GC heap after
{Heap after GC invocations=8 (full 0):
 garbage-first heap   total 258048K, used 22446K [0x0000000704e00000, 0x0000000800000000)
  region size 1024K, 12 young (12288K), 12 survivors (12288K)
 Metaspace       used 48995K, capacity 50389K, committed 50560K, reserved 1093632K
  class space    used 6119K, capacity 6694K, committed 6784K, reserved 1048576K
}
Event: 8.175 GC heap before
{Heap before GC invocations=8 (full 0):
 garbage-first heap   total 258048K, used 75694K [0x0000000704e00000, 0x0000000800000000)
  region size 1024K, 65 young (66560K), 12 survivors (12288K)
 Metaspace       used 58637K, capacity 60069K, committed 60160K, reserved 1101824K
  class space    used 7436K, capacity 8021K, committed 8064K, reserved 1048576K
}
Event: 8.183 GC heap after
{Heap after GC invocations=9 (full 0):
 garbage-first heap   total 258048K, used 25884K [0x0000000704e00000, 0x0000000800000000)
  region size 1024K, 12 young (12288K), 12 survivors (12288K)
 Metaspace       used 58637K, capacity 60069K, committed 60160K, reserved 1101824K
  class space    used 7436K, capacity 8021K, committed 8064K, reserved 1048576K
}
Event: 13.175 GC heap before
{Heap before GC invocations=10 (full 0):
 garbage-first heap   total 258048K, used 168220K [0x0000000704e00000, 0x0000000800000000)
  region size 1024K, 151 young (154624K), 12 survivors (12288K)
 Metaspace       used 74607K, capacity 76503K, committed 76800K, reserved 1116160K
  class space    used 9607K, capacity 10369K, committed 10496K, reserved 1048576K
}
Event: 13.185 GC heap after
{Heap after GC invocations=11 (full 0):
 garbage-first heap   total 258048K, used 34444K [0x0000000704e00000, 0x0000000800000000)
  region size 1024K, 18 young (18432K), 18 survivors (18432K)
 Metaspace       used 74607K, capacity 76503K, committed 76800K, reserved 1116160K
  class space    used 9607K, capacity 10369K, committed 10496K, reserved 1048576K
}

Deoptimization events (20 events):
Event: 15.695 Thread 0x00000248cda56800 Uncommon trap: trap_request=0xffffffc6 fr.pc=0x00000248de068eb4 relative=0x0000000000002054
Event: 15.695 Thread 0x00000248cda56800 Uncommon trap: reason=bimorphic_or_optimized_type_check action=maybe_recompile pc=0x00000248de068eb4 method=java.util.zip.InflaterInputStream.read([BII)I @ 100 c2
Event: 15.695 Thread 0x00000248cda56800 DEOPT PACKING pc=0x00000248de068eb4 sp=0x000000d3124fb8a0
Event: 15.695 Thread 0x00000248cda56800 DEOPT UNPACKING pc=0x00000248d61fa1af sp=0x000000d3124fb900 mode 2
Event: 15.716 Thread 0x00000248cda56800 Uncommon trap: trap_request=0xffffffc6 fr.pc=0x00000248de068eb4 relative=0x0000000000002054
Event: 15.716 Thread 0x00000248cda56800 Uncommon trap: reason=bimorphic_or_optimized_type_check action=maybe_recompile pc=0x00000248de068eb4 method=java.util.zip.InflaterInputStream.read([BII)I @ 100 c2
Event: 15.716 Thread 0x00000248cda56800 DEOPT PACKING pc=0x00000248de068eb4 sp=0x000000d3124fa7e0
Event: 15.716 Thread 0x00000248cda56800 DEOPT UNPACKING pc=0x00000248d61fa1af sp=0x000000d3124fa840 mode 2
Event: 15.754 Thread 0x00000248cda56800 Uncommon trap: trap_request=0xffffff4d fr.pc=0x00000248ddf62040 relative=0x0000000000004b40
Event: 15.754 Thread 0x00000248cda56800 Uncommon trap: reason=unstable_if action=reinterpret pc=0x00000248ddf62040 method=org.springframework.core.ResolvableType.as(Ljava/lang/Class;)Lorg/springframework/core/ResolvableType; @ 17 c2
Event: 15.754 Thread 0x00000248cda56800 DEOPT PACKING pc=0x00000248ddf62040 sp=0x000000d3124fe370
Event: 15.754 Thread 0x00000248cda56800 DEOPT UNPACKING pc=0x00000248d61fa1af sp=0x000000d3124fe3b0 mode 2
Event: 15.754 Thread 0x00000248cda56800 Uncommon trap: trap_request=0xffffff4d fr.pc=0x00000248de3010cc relative=0x000000000000068c
Event: 15.754 Thread 0x00000248cda56800 Uncommon trap: reason=unstable_if action=reinterpret pc=0x00000248de3010cc method=org.springframework.beans.factory.support.AbstractBeanFactory.getType(Ljava/lang/String;Z)Ljava/lang/Class; @ 41 c2
Event: 15.754 Thread 0x00000248cda56800 DEOPT PACKING pc=0x00000248de3010cc sp=0x000000d3124fe880
Event: 15.754 Thread 0x00000248cda56800 DEOPT UNPACKING pc=0x00000248d61fa1af sp=0x000000d3124fe850 mode 2
Event: 18.878 Thread 0x00000248fb145800 Uncommon trap: trap_request=0xffffff4d fr.pc=0x00000248de396c30 relative=0x0000000000000190
Event: 18.878 Thread 0x00000248fb145800 Uncommon trap: reason=unstable_if action=reinterpret pc=0x00000248de396c30 method=java.util.concurrent.locks.ReentrantLock$Sync.nonfairTryAcquire(I)Z @ 34 c2
Event: 18.878 Thread 0x00000248fb145800 DEOPT PACKING pc=0x00000248de396c30 sp=0x000000d3142ff2f0
Event: 18.878 Thread 0x00000248fb145800 DEOPT UNPACKING pc=0x00000248d61fa1af sp=0x000000d3142ff290 mode 2

Classes redefined (0 events):
No events

Internal exceptions (20 events):
Event: 13.358 Thread 0x00000248cda56800 Exception <a 'java/lang/IncompatibleClassChangeError'{0x00000007141bf4a0}: Found class java.lang.Object, but interface was expected> (0x00000007141bf4a0) thrown at [s\src\hotspot\share\interpreter\linkResolver.cpp, line 839]
Event: 13.545 Thread 0x00000248cda56800 Exception <a 'java/lang/ClassNotFoundException'{0x0000000713996310}: java/lang/ObjectCustomizer> (0x0000000713996310) thrown at [s\src\hotspot\share\classfile\systemDictionary.cpp, line 230]
Event: 13.545 Thread 0x00000248cda56800 Exception <a 'java/lang/ClassNotFoundException'{0x00000007139b2d80}: org/springframework/cloud/client/discovery/simple/SimpleDiscoveryClientAutoConfigurationCustomizer> (0x00000007139b2d80) thrown at [s\src\hotspot\share\classfile\systemDictionary.cpp, line 230]
Event: 13.546 Thread 0x00000248cda56800 Exception <a 'java/lang/ClassNotFoundException'{0x00000007139ccae8}: org/springframework/context/ApplicationListenerCustomizer> (0x00000007139ccae8) thrown at [s\src\hotspot\share\classfile\systemDictionary.cpp, line 230]
Event: 13.547 Thread 0x00000248cda56800 Exception <a 'java/lang/ClassNotFoundException'{0x00000007139d0fd0}: java/util/EventListenerCustomizer> (0x00000007139d0fd0) thrown at [s\src\hotspot\share\classfile\systemDictionary.cpp, line 230]
Event: 15.021 Thread 0x00000248cda56800 Exception <a 'java/lang/IncompatibleClassChangeError'{0x0000000712dd0268}: Found class java.lang.Object, but interface was expected> (0x0000000712dd0268) thrown at [s\src\hotspot\share\interpreter\linkResolver.cpp, line 839]
Event: 15.066 Thread 0x00000248cda56800 Exception <a 'java/lang/NoSuchMethodError'{0x0000000712b81828}: 'void java.lang.invoke.DirectMethodHandle$Holder.invokeSpecial(java.lang.Object, java.lang.Object, long)'> (0x0000000712b81828) thrown at [s\src\hotspot\share\interpreter\linkResolver.cpp, line 773]
Event: 15.068 Thread 0x00000248cda56800 Exception <a 'java/lang/NoSuchMethodError'{0x0000000712b8a498}: 'void java.lang.invoke.DirectMethodHandle$Holder.invokeSpecial(java.lang.Object, java.lang.Object, int)'> (0x0000000712b8a498) thrown at [s\src\hotspot\share\interpreter\linkResolver.cpp, line 773]
Event: 15.081 Thread 0x00000248cda56800 Exception <a 'java/lang/NoSuchMethodError'{0x0000000712bb78e0}: 'java.lang.Object java.lang.invoke.DirectMethodHandle$Holder.invokeSpecial(java.lang.Object, java.lang.Object, int, java.lang.Object, int, java.lang.Object)'> (0x0000000712bb78e0) thrown at [s\src\hotspot\share\interpreter\linkResolver.cpp, line 773]
Event: 15.083 Thread 0x00000248cda56800 Exception <a 'java/lang/NoSuchMethodError'{0x0000000712bbedc8}: 'java.lang.Object java.lang.invoke.DirectMethodHandle$Holder.invokeStatic(java.lang.Object, java.lang.Object, int, java.lang.Object, int)'> (0x0000000712bbedc8) thrown at [s\src\hotspot\share\interpreter\linkResolver.cpp, line 773]
Event: 15.083 Thread 0x00000248cda56800 Exception <a 'java/lang/NoSuchMethodError'{0x0000000712bc25a8}: 'java.lang.Object java.lang.invoke.DirectMethodHandle$Holder.invokeSpecial(java.lang.Object, java.lang.Object, java.lang.Object, int, java.lang.Object, int)'> (0x0000000712bc25a8) thrown at [s\src\hotspot\share\interpreter\linkResolver.cpp, line 773]
Event: 15.087 Thread 0x00000248cda56800 Exception <a 'java/lang/NoSuchMethodError'{0x0000000712bccad0}: 'void java.lang.invoke.DirectMethodHandle$Holder.invokeVirtual(java.lang.Object, java.lang.Object)'> (0x0000000712bccad0) thrown at [s\src\hotspot\share\interpreter\linkResolver.cpp, line 773]
Event: 15.212 Thread 0x00000248cda56800 Exception <a 'java/lang/IncompatibleClassChangeError'{0x0000000712796ab0}: Found class java.lang.Object, but interface was expected> (0x0000000712796ab0) thrown at [s\src\hotspot\share\interpreter\linkResolver.cpp, line 839]
Event: 15.233 Thread 0x00000248cda56800 Exception <a 'java/lang/NoSuchMethodError'{0x00000007127f3a28}: 'java.lang.Object java.lang.invoke.DirectMethodHandle$Holder.invokeStatic(java.lang.Object, java.lang.Object, java.lang.Object, java.lang.Object, java.lang.Object, java.lang.Object, java.lang.Object, java.lang.Object, java.lang.Object, java.lang.Object, java.lang.Object, int)'> (0x00000007127f3a28) thrown at [s\src\hotspot\share\interpreter\linkResolver.cpp, line 773]
Event: 15.235 Thread 0x00000248cda56800 Exception <a 'java/lang/NoSuchMethodError'{0x0000000712612388}: 'java.lang.Object java.lang.invoke.DirectMethodHandle$Holder.invokeStatic(java.lang.Object, java.lang.Object, java.lang.Object, java.lang.Object, java.lang.Object, java.lang.Object, java.lang.Object, java.lang.Object, java.lang.Object, java.lang.Object, java.lang.Object, int, int)'> (0x0000000712612388) thrown at [s\src\hotspot\share\interpreter\linkResolver.cpp, line 773]
Event: 15.237 Thread 0x00000248cda56800 Exception <a 'java/lang/NoSuchMethodError'{0x0000000712631a48}: 'java.lang.Object java.lang.invoke.DirectMethodHandle$Holder.invokeStatic(java.lang.Object, java.lang.Object, java.lang.Object, java.lang.Object, java.lang.Object, java.lang.Object, java.lang.Object, java.lang.Object, java.lang.Object, java.lang.Object, java.lang.Object, int, int, java.lang.Object)'> (0x0000000712631a48) thrown at [s\src\hotspot\share\interpreter\linkResolver.cpp, line 773]
Event: 15.239 Thread 0x00000248cda56800 Exception <a 'java/lang/NoSuchMethodError'{0x00000007126526f8}: 'java.lang.Object java.lang.invoke.DirectMethodHandle$Holder.invokeStatic(java.lang.Object, java.lang.Object, java.lang.Object, java.lang.Object, java.lang.Object, java.lang.Object, java.lang.Object, java.lang.Object, java.lang.Object, java.lang.Object, java.lang.Object, int, int, java.lang.Object, java.lang.Object)'> (0x00000007126526f8) thrown at [s\src\hotspot\share\interpreter\linkResolver.cpp, line 773]
Event: 15.266 Thread 0x00000248cda56800 Implicit null exception at 0x00000248dde9985d to 0x00000248dde99a48
Event: 37.999 Thread 0x00000248cda56800 Exception <a 'java/net/ConnectException'{0x00000007109a2978}: Connection timed out: connect> (0x00000007109a2978) thrown at [s\src\hotspot\share\prims\jni.cpp, line 638]
Event: 38.003 Thread 0x00000248cda56800 Exception <a 'java/lang/OutOfMemoryError'{0x00000007109f27c0}> (0x00000007109f27c0) thrown at [s\src\hotspot\share\prims\jni.cpp, line 638]

Events (20 events):
Event: 37.999 loading class sun/net/util/SocketExceptions
Event: 38.000 loading class sun/net/util/SocketExceptions done
Event: 38.001 loading class org/springframework/amqp/rabbit/support/RabbitExceptionTranslator
Event: 38.001 loading class org/springframework/amqp/rabbit/support/RabbitExceptionTranslator done
Event: 38.001 loading class org/springframework/amqp/AmqpAuthenticationException
Event: 38.001 loading class org/springframework/amqp/AmqpAuthenticationException done
Event: 38.001 loading class org/springframework/amqp/AmqpUnsupportedEncodingException
Event: 38.001 loading class org/springframework/amqp/AmqpUnsupportedEncodingException done
Event: 38.001 loading class org/springframework/amqp/rabbit/support/ConsumerCancelledException
Event: 38.001 loading class org/springframework/amqp/rabbit/support/ConsumerCancelledException done
Event: 38.001 loading class org/springframework/amqp/UncategorizedAmqpException
Event: 38.001 loading class org/springframework/amqp/UncategorizedAmqpException done
Event: 38.002 loading class org/springframework/amqp/rabbit/connection/ConnectionListener
Event: 38.002 loading class org/springframework/amqp/rabbit/connection/ConnectionListener done
Event: 38.002 loading class org/springframework/amqp/rabbit/connection/ConnectionListener
Event: 38.002 loading class org/springframework/amqp/rabbit/connection/ConnectionListener done
Event: 38.002 loading class org/springframework/amqp/core/Queue
Event: 38.002 loading class org/springframework/amqp/core/Queue done
Event: 38.003 loading class org/springframework/amqp/rabbit/listener/BlockingQueueConsumer
Event: 38.003 loading class org/springframework/amqp/rabbit/listener/BlockingQueueConsumer done


Dynamic libraries:
0x00007ff692ff0000 - 0x00007ff692ffd000 	C:\Users\luizm\.jdks\corretto-11.0.19\bin\java.exe
0x00007ffb27520000 - 0x00007ffb27780000 	C:\WINDOWS\SYSTEM32\ntdll.dll
0x00007ffb25dd0000 - 0x00007ffb25e97000 	C:\WINDOWS\System32\KERNEL32.DLL
0x00007ffb24840000 - 0x00007ffb24c0a000 	C:\WINDOWS\System32\KERNELBASE.dll
0x00007ffb24ff0000 - 0x00007ffb2513b000 	C:\WINDOWS\System32\ucrtbase.dll
0x00007ffb16fd0000 - 0x00007ffb16fe9000 	C:\Users\luizm\.jdks\corretto-11.0.19\bin\VCRUNTIME140.dll
0x00007ffb16ff0000 - 0x00007ffb17007000 	C:\Users\luizm\.jdks\corretto-11.0.19\bin\jli.dll
0x00007ffb265f0000 - 0x00007ffb267bc000 	C:\WINDOWS\System32\USER32.dll
0x00007ffb01b20000 - 0x00007ffb01db7000 	C:\WINDOWS\WinSxS\amd64_microsoft.windows.common-controls_6595b64144ccf1df_6.0.26100.3624_none_3e086962e3345f24\COMCTL32.dll
0x00007ffb24fc0000 - 0x00007ffb24fe7000 	C:\WINDOWS\System32\win32u.dll
0x00007ffb25ea0000 - 0x00007ffb25eca000 	C:\WINDOWS\System32\GDI32.dll
0x00007ffb26490000 - 0x00007ffb26539000 	C:\WINDOWS\System32\msvcrt.dll
0x00007ffb24700000 - 0x00007ffb24831000 	C:\WINDOWS\System32\gdi32full.dll
0x00007ffb251d0000 - 0x00007ffb25273000 	C:\WINDOWS\System32\msvcp_win.dll
0x00007ffb25d90000 - 0x00007ffb25dbf000 	C:\WINDOWS\System32\IMM32.DLL
0x00007ffae7730000 - 0x00007ffae77cb000 	C:\Users\luizm\.jdks\corretto-11.0.19\bin\msvcp140.dll
0x00007ffa6c310000 - 0x00007ffa6ce9a000 	C:\Users\luizm\.jdks\corretto-11.0.19\bin\server\jvm.dll
0x00007ffb268e0000 - 0x00007ffb26992000 	C:\WINDOWS\System32\ADVAPI32.dll
0x00007ffb26540000 - 0x00007ffb265e6000 	C:\WINDOWS\System32\sechost.dll
0x00007ffb26a50000 - 0x00007ffb26b66000 	C:\WINDOWS\System32\RPCRT4.dll
0x00007ffb25d80000 - 0x00007ffb25d88000 	C:\WINDOWS\System32\PSAPI.DLL
0x00007ffb16950000 - 0x00007ffb1695b000 	C:\WINDOWS\SYSTEM32\VERSION.dll
0x00007ffb17010000 - 0x00007ffb17046000 	C:\WINDOWS\SYSTEM32\WINMM.dll
0x00007ffaf0b70000 - 0x00007ffaf0b7a000 	C:\WINDOWS\SYSTEM32\WSOCK32.dll
0x00007ffb26860000 - 0x00007ffb268d4000 	C:\WINDOWS\System32\ws2_32.DLL
0x00007ffb235f0000 - 0x00007ffb2360a000 	C:\WINDOWS\SYSTEM32\kernel.appcore.dll
0x00007ffb16f80000 - 0x00007ffb16f90000 	C:\Users\luizm\.jdks\corretto-11.0.19\bin\verify.dll
0x00007ffb21e60000 - 0x00007ffb220a1000 	C:\WINDOWS\SYSTEM32\DBGHELP.DLL
0x00007ffb25ee0000 - 0x00007ffb26262000 	C:\WINDOWS\System32\combase.dll
0x00007ffb25490000 - 0x00007ffb25566000 	C:\WINDOWS\System32\OLEAUT32.dll
0x00007ffb00290000 - 0x00007ffb002c9000 	C:\WINDOWS\SYSTEM32\dbgcore.DLL
0x00007ffb25280000 - 0x00007ffb25319000 	C:\WINDOWS\System32\bcryptPrimitives.dll
0x00007ffb0fe80000 - 0x00007ffb0fea8000 	C:\Users\luizm\.jdks\corretto-11.0.19\bin\java.dll
0x00007ffb16900000 - 0x00007ffb1690a000 	C:\Users\luizm\.jdks\corretto-11.0.19\bin\jimage.dll
0x00007ffb11530000 - 0x00007ffb1153e000 	C:\Users\luizm\.jdks\corretto-11.0.19\bin\instrument.dll
0x00007ffb117c0000 - 0x00007ffb117d8000 	C:\Users\luizm\.jdks\corretto-11.0.19\bin\zip.dll
0x00007ffb26db0000 - 0x00007ffb274d9000 	C:\WINDOWS\System32\SHELL32.dll
0x00007ffb24e50000 - 0x00007ffb24fb8000 	C:\WINDOWS\System32\wintypes.dll
0x00007ffb22360000 - 0x00007ffb22bb2000 	C:\WINDOWS\SYSTEM32\windows.storage.dll
0x00007ffb253a0000 - 0x00007ffb2548d000 	C:\WINDOWS\System32\SHCORE.dll
0x00007ffb267f0000 - 0x00007ffb26854000 	C:\WINDOWS\System32\shlwapi.dll
0x00007ffb24610000 - 0x00007ffb2463f000 	C:\WINDOWS\SYSTEM32\profapi.dll
0x00007ffb0f270000 - 0x00007ffb0f289000 	C:\Users\luizm\.jdks\corretto-11.0.19\bin\net.dll
0x00007ffb1a5a0000 - 0x00007ffb1a6bd000 	C:\WINDOWS\SYSTEM32\WINHTTP.dll
0x00007ffb23af0000 - 0x00007ffb23b5a000 	C:\WINDOWS\system32\mswsock.dll
0x00007ffb0eda0000 - 0x00007ffb0edb3000 	C:\Users\luizm\.jdks\corretto-11.0.19\bin\nio.dll
0x00007ffb22f90000 - 0x00007ffb22fc3000 	C:\WINDOWS\SYSTEM32\IPHLPAPI.DLL
0x00007ffb25ed0000 - 0x00007ffb25eda000 	C:\WINDOWS\System32\NSI.dll
0x00007ffb1d750000 - 0x00007ffb1d76f000 	C:\WINDOWS\SYSTEM32\dhcpcsvc6.DLL
0x00007ffb1d720000 - 0x00007ffb1d745000 	C:\WINDOWS\SYSTEM32\dhcpcsvc.DLL
0x00007ffb22fd0000 - 0x00007ffb230f5000 	C:\WINDOWS\SYSTEM32\DNSAPI.dll
0x00007ffb1ade0000 - 0x00007ffb1adeb000 	C:\Windows\System32\rasadhlp.dll
0x00007ffb1dff0000 - 0x00007ffb1e075000 	C:\WINDOWS\System32\fwpuclnt.dll
0x00007ffb11520000 - 0x00007ffb11529000 	C:\Users\luizm\.jdks\corretto-11.0.19\bin\management.dll
0x00007ffb0ed90000 - 0x00007ffb0ed9b000 	C:\Users\luizm\.jdks\corretto-11.0.19\bin\management_ext.dll
0x00007ffaecdd0000 - 0x00007ffaecde8000 	C:\WINDOWS\system32\napinsp.dll
0x00007ffaeba50000 - 0x00007ffaeba62000 	C:\WINDOWS\System32\winrnr.dll
0x00007ffaeba10000 - 0x00007ffaeba40000 	C:\WINDOWS\system32\nlansp_c.dll
0x00007ffb19970000 - 0x00007ffb19986000 	C:\WINDOWS\system32\wshbth.dll
0x00007ffb23ea0000 - 0x00007ffb23ebc000 	C:\WINDOWS\SYSTEM32\CRYPTSP.dll
0x00007ffb23550000 - 0x00007ffb2358a000 	C:\WINDOWS\system32\rsaenh.dll
0x00007ffb23b90000 - 0x00007ffb23bbb000 	C:\WINDOWS\SYSTEM32\USERENV.dll
0x00007ffb245e0000 - 0x00007ffb24606000 	C:\WINDOWS\SYSTEM32\bcrypt.dll
0x00007ffb23d20000 - 0x00007ffb23d2c000 	C:\WINDOWS\SYSTEM32\CRYPTBASE.dll
0x00007ffb0ed80000 - 0x00007ffb0ed8e000 	C:\Users\luizm\.jdks\corretto-11.0.19\bin\sunmscapi.dll
0x00007ffb24c10000 - 0x00007ffb24d87000 	C:\WINDOWS\System32\CRYPT32.dll
0x00007ffb23ff0000 - 0x00007ffb24020000 	C:\WINDOWS\SYSTEM32\ncrypt.dll
0x00007ffb23fa0000 - 0x00007ffb23fdf000 	C:\WINDOWS\SYSTEM32\NTASN1.dll
0x00007ffb0ece0000 - 0x00007ffb0ed05000 	C:\Users\luizm\.jdks\corretto-11.0.19\bin\sunec.dll

dbghelp: loaded successfully - version: 4.0.5 - missing functions: none
symbol engine: initialized successfully - sym options: 0x614 - pdb path: .;C:\Users\luizm\.jdks\corretto-11.0.19\bin;C:\WINDOWS\SYSTEM32;C:\WINDOWS\WinSxS\amd64_microsoft.windows.common-controls_6595b64144ccf1df_6.0.26100.3624_none_3e086962e3345f24;C:\Users\luizm\.jdks\corretto-11.0.19\bin\server

VM Arguments:
jvm_args: -javaagent:C:\Program Files\JetBrains\IntelliJ IDEA Community Edition 2024.3.5\lib\idea_rt.jar=59304 -Dfile.encoding=UTF-8 
java_command: com.ead.course.CourseApplication
java_class_path (initial): C:\Users\luizm\Documents\Projetos\EAD-Application-SpringBoot-Microservices\course\target\classes;C:\Users\luizm\.m2\repository\org\springframework\boot\spring-boot-starter-web\2.5.4\spring-boot-starter-web-2.5.4.jar;C:\Users\luizm\.m2\repository\org\springframework\boot\spring-boot-starter\2.5.4\spring-boot-starter-2.5.4.jar;C:\Users\luizm\.m2\repository\org\springframework\boot\spring-boot\2.5.4\spring-boot-2.5.4.jar;C:\Users\luizm\.m2\repository\org\springframework\boot\spring-boot-autoconfigure\2.5.4\spring-boot-autoconfigure-2.5.4.jar;C:\Users\luizm\.m2\repository\org\springframework\boot\spring-boot-starter-logging\2.5.4\spring-boot-starter-logging-2.5.4.jar;C:\Users\luizm\.m2\repository\ch\qos\logback\logback-classic\1.2.5\logback-classic-1.2.5.jar;C:\Users\luizm\.m2\repository\ch\qos\logback\logback-core\1.2.5\logback-core-1.2.5.jar;C:\Users\luizm\.m2\repository\org\apache\logging\log4j\log4j-to-slf4j\2.14.1\log4j-to-slf4j-2.14.1.jar;C:\Users\luizm\.m2\repository\org\apache\logging\log4j\log4j-api\2.14.1\log4j-api-2.14.1.jar;C:\Users\luizm\.m2\repository\org\slf4j\jul-to-slf4j\1.7.32\jul-to-slf4j-1.7.32.jar;C:\Users\luizm\.m2\repository\jakarta\annotation\jakarta.annotation-api\1.3.5\jakarta.annotation-api-1.3.5.jar;C:\Users\luizm\.m2\repository\org\yaml\snakeyaml\1.28\snakeyaml-1.28.jar;C:\Users\luizm\.m2\repository\org\springframework\boot\spring-boot-starter-json\2.5.4\spring-boot-starter-json-2.5.4.jar;C:\Users\luizm\.m2\repository\com\fasterxml\jackson\datatype\jackson-datatype-jdk8\2.12.4\jackson-datatype-jdk8-2.12.4.jar;C:\Users\luizm\.m2\repository\com\fasterxml\jackson\datatype\jackson-datatype-jsr310\2.12.4\jackson-datatype-jsr310-2.12.4.jar;C:\Users\luizm\.m2\repository\com\fasterxml\jackson\module\jackson-module-parameter-names\2.12.4\jackson-module-parameter-names-2.12.4.jar;C:\Users\luizm\.m2\repository\org\springframework\boot\spring-boot-starter-tomcat\2.5.4\spring-boot-starter-tomcat-2.5.4.jar;C:\Users\luizm\.m2\r
Launcher Type: SUN_STANDARD

[Global flags]
     intx CICompilerCount                          = 12                                        {product} {ergonomic}
     uint ConcGCThreads                            = 3                                         {product} {ergonomic}
     uint G1ConcRefinementThreads                  = 13                                        {product} {ergonomic}
   size_t G1HeapRegionSize                         = 1048576                                   {product} {ergonomic}
    uintx GCDrainStackTargetSize                   = 64                                        {product} {ergonomic}
   size_t InitialHeapSize                          = 264241152                                 {product} {ergonomic}
   size_t MarkStackSize                            = 4194304                                   {product} {ergonomic}
   size_t MaxHeapSize                              = 4213178368                                {product} {ergonomic}
   size_t MaxNewSize                               = 2527068160                                {product} {ergonomic}
   size_t MinHeapDeltaBytes                        = 1048576                                   {product} {ergonomic}
    uintx NonNMethodCodeHeapSize                   = 7594288                                {pd product} {ergonomic}
    uintx NonProfiledCodeHeapSize                  = 122031976                              {pd product} {ergonomic}
    uintx ProfiledCodeHeapSize                     = 122031976                              {pd product} {ergonomic}
    uintx ReservedCodeCacheSize                    = 251658240                              {pd product} {ergonomic}
     bool SegmentedCodeCache                       = true                                      {product} {ergonomic}
     bool UseCompressedClassPointers               = true                                 {lp64_product} {ergonomic}
     bool UseCompressedOops                        = true                                 {lp64_product} {ergonomic}
     bool UseG1GC                                  = true                                      {product} {ergonomic}
     bool UseLargePagesIndividualAllocation        = false                                  {pd product} {ergonomic}

Logging:
Log output configuration:
 #0: stdout all=warning uptime,level,tags
 #1: stderr all=off uptime,level,tags

Environment Variables:
PATH=C:\Program Files\NVIDIA GPU Computing Toolkit\CUDA\v12.6\bin;C:\Program Files\NVIDIA GPU Computing Toolkit\CUDA\v12.6\libnvvp;C:\Program Files\Common Files\Oracle\Java\javapath;C:\Program Files (x86)\Common Files\Oracle\Java\java8path;C:\Program Files (x86)\Common Files\Oracle\Java\javapath;C:\Windows\system32;C:\Windows;C:\Windows\System32\Wbem;C:\Windows\System32\WindowsPowerShell\v1.0\;C:\Windows\System32\OpenSSH\;C:\Program Files (x86)\Mitov\Visuino Pro;C:\Program Files (x86)\NVIDIA Corporation\PhysX\Common;C:\Program Files\Docker\Docker\resources\bin;C:\Program Files\apache-maven-3.9.0\bin;C:\Program Files\Git\cmd;C:\Program Files\nodejs\;C:\Program Files\Amazon\AWSCLIV2\;C:\Program Files (x86)\apache-ant-1.10.15\bin;C:\WINDOWS\system32;C:\WINDOWS;C:\WINDOWS\System32\Wbem;C:\WINDOWS\System32\WindowsPowerShell\v1.0\;C:\WINDOWS\System32\OpenSSH\;C:\Program Files\dotnet\;C:\Program Files (x86)\Windows Kits\10\Windows Performance Toolkit\;C:\Program Files\NVIDIA Corporation\Nsight Compute 2024.3.2\;C:\Program Files\Microsoft Visual Studio\2022\Community\VC\Tools\MSVC\14.41.34120\bin\Hostx64\x64;;C:\Program Files\NVIDIA Corporation\NVIDIA app\NvDLISR;C:\Users\luizm\AppData\Local\Programs\Python\Python310\Scripts\;C:\Users\luizm\AppData\Local\Programs\Python\Python310\;C:\Users\luizm\AppData\Local\GitHubDesktop\bin;C:\Users\luizm\AppData\Local\Programs\Microsoft VS Code\bin;C:\Users\luizm\AppData\Roaming\npm;C:\Users\luizm\AppData\Local\Microsoft\WindowsApps;C:\Users\luizm\.dotnet\tools;C:\Program Files (x86)\MinGW\bin;
USERNAME=luizm
OS=Windows_NT
PROCESSOR_IDENTIFIER=Intel64 Family 6 Model 154 Stepping 3, GenuineIntel
TMP=C:\Users\luizm\AppData\Local\Temp
TEMP=C:\Users\luizm\AppData\Local\Temp



---------------  S Y S T E M  ---------------

OS: Windows 11 , 64 bit Build 26100 (10.0.26100.3775)
OS uptime: 11 days 4:34 hours
Hyper-V role detected

CPU:total 16 (initial active 16) (8 cores per cpu, 2 threads per core) family 6 model 154 stepping 3 microcode 0x435, cmov, cx8, fxsr, mmx, sse, sse2, sse3, ssse3, sse4.1, sse4.2, popcnt, avx, avx2, aes, clmul, erms, 3dnowpref, lzcnt, ht, tsc, tscinvbit, bmi1, bmi2, adx, sha, fma

Memory: 4k page, system-wide physical 16068M (543M free)
TotalPageFile size 35146M (AvailPageFile size 0M)
current process WorkingSet (physical memory assigned to process): 373M, peak: 439M
current process commit charge ("private bytes"): 492M, peak: 556M

vm_info: OpenJDK 64-Bit Server VM (11.0.19+7-LTS) for windows-amd64 JRE (11.0.19+7-LTS), built on Apr 13 2023 22:56:25 by "Administrator" with MS VC++ 15.9 (VS2017)

END.
